<?xml version="1.0" encoding="UTF-8"?>
<!-- Generated by org.testng.reporters.JUnitReportReporter -->
<testsuite hostname="Akshay" failures="0" tests="4" name="Demo.testng.annotations.Test.DemoReadData" time="0.038" errors="0" timestamp="2021-02-04T16:41:31 IST" skipped="0">
  <testcase classname="Demo.testng.annotations.Test.DemoReadData" name="tc" time="0.005"/>
  <system-out>
trainee trainee  </system-out>
  <testcase classname="Demo.testng.annotations.Test.DemoReadData" name="tc" time="0.010"/>
  <system-out>
admin trainee  </system-out>
  <testcase classname="Demo.testng.annotations.Test.DemoReadData" name="tc" time="0.015"/>
  <system-out>
admin manager  </system-out>
  <testcase classname="Demo.testng.annotations.Test.DemoReadData" name="tc" time="0.008"/>
  <system-out>
trainee manager  </system-out>
</testsuite> <!-- Demo.testng.annotations.Test.DemoReadData -->
