<?xml version="1.0" encoding="UTF-8"?>
<!-- Generated by org.testng.reporters.JUnitReportReporter -->
<testsuite hostname="Akshay" failures="0" tests="1" name="Demo.Demo.testng.annotations.Test.NewTest" time="0.032" errors="0" timestamp="2021-02-02T18:18:44 IST" skipped="0">
  <testcase classname="Demo.Demo.testng.annotations.Test.NewTest" name="f" time="0.032"/>
  <system-out/>
</testsuite> <!-- Demo.Demo.testng.annotations.Test.NewTest -->
