<?xml version="1.0" encoding="UTF-8"?>
<!-- Generated by org.testng.reporters.JUnitReportReporter -->
<testsuite hostname="Akshay" failures="0" tests="3" name="Demo.testng.annotations.Test.DemoDataProvider" time="0.040" errors="0" timestamp="2021-02-04T16:08:16 IST" skipped="0">
  <testcase classname="Demo.testng.annotations.Test.DemoDataProvider" name="tc" time="0.005"/>
  <system-out>
UserB B  </system-out>
  <testcase classname="Demo.testng.annotations.Test.DemoDataProvider" name="tc" time="0.019"/>
  <system-out>
UserC C  </system-out>
  <testcase classname="Demo.testng.annotations.Test.DemoDataProvider" name="tc" time="0.016"/>
  <system-out>
UserA A  </system-out>
</testsuite> <!-- Demo.testng.annotations.Test.DemoDataProvider -->
