<?xml version="1.0" encoding="UTF-8"?>
<!-- Generated by org.testng.reporters.JUnitReportReporter -->
<testsuite hostname="Akshay" failures="0" tests="3" name="Demo.testng.annotations.Test.Demo2" time="0.027" errors="0" timestamp="2021-02-03T17:24:17 IST" skipped="0">
  <testcase classname="Demo.testng.annotations.Test.Demo2" name="tc" time="0.008"/>
  <system-out>
Hey...!  </system-out>
  <testcase classname="Demo.testng.annotations.Test.Demo2" name="tc_3" time="0.015"/>
  <system-out>
Hey3...!  </system-out>
  <testcase classname="Demo.testng.annotations.Test.Demo2" name="tc_2" time="0.004"/>
  <system-out>
Hey2...!  </system-out>
</testsuite> <!-- Demo.testng.annotations.Test.Demo2 -->
