<?xml version="1.0" encoding="UTF-8"?>
<!-- Generated by org.testng.reporters.JUnitReportReporter -->
<testsuite hostname="Akshay" failures="0" tests="7" name="Demo.testng.annotations.Test.Demo3" time="0.049" errors="0" timestamp="2021-02-03T18:00:40 IST" skipped="0">
  <testcase classname="Demo.testng.annotations.Test.Demo3" name="tc_1" time="0.004"/>
  <system-out>
1Hey...!  </system-out>
  <testcase classname="Demo.testng.annotations.Test.Demo3" name="tc_2" time="0.004"/>
  <system-out>
2Hey...!  </system-out>
  <testcase classname="Demo.testng.annotations.Test.Demo3" name="tc_6" time="0.009"/>
  <system-out>
6Hey...!  </system-out>
  <testcase classname="Demo.testng.annotations.Test.Demo3" name="tc_4" time="0.010"/>
  <system-out>
4Hey...!  </system-out>
  <testcase classname="Demo.testng.annotations.Test.Demo3" name="tc_5" time="0.004"/>
  <system-out>
5Hey...!  </system-out>
  <testcase classname="Demo.testng.annotations.Test.Demo3" name="tc_3" time="0.015"/>
  <system-out>
3Hey...!  </system-out>
  <testcase classname="Demo.testng.annotations.Test.Demo3" name="tc" time="0.003"/>
  <system-out>
Hey...!  </system-out>
</testsuite> <!-- Demo.testng.annotations.Test.Demo3 -->
