<?xml version="1.0" encoding="UTF-8"?>
<!-- Generated by org.testng.reporters.JUnitReportReporter -->
<testsuite hostname="Akshay" failures="0" tests="5" name="Demo.testng.annotations.Test.BlustoneTestng" time="105.052" errors="0" timestamp="2021-02-03T15:48:01 IST" skipped="0">
  <testcase classname="Demo.testng.annotations.Test.BlustoneTestng" name="tc_4" time="33.283"/>
  <system-out/>
  <testcase classname="Demo.testng.annotations.Test.BlustoneTestng" name="tc_2" time="13.900"/>
  <system-out/>
  <testcase classname="Demo.testng.annotations.Test.BlustoneTestng" name="tc_3" time="14.924"/>
  <system-out/>
  <testcase classname="Demo.testng.annotations.Test.BlustoneTestng" name="tc_5" time="15.781"/>
  <system-out/>
  <testcase classname="Demo.testng.annotations.Test.BlustoneTestng" name="tc_1" time="27.164"/>
  <system-out/>
</testsuite> <!-- Demo.testng.annotations.Test.BlustoneTestng -->
