<?xml version="1.0" encoding="UTF-8"?>
<!-- Generated by org.testng.reporters.JUnitReportReporter -->
<testsuite hostname="Akshay" failures="0" tests="1" name="Demo.testng.annotations.Test.Parallel2" time="37.485" errors="0" timestamp="2021-02-05T16:22:15 IST" skipped="0">
  <testcase classname="Demo.testng.annotations.Test.Parallel2" name="tc2" time="37.485"/>
  <system-out/>
</testsuite> <!-- Demo.testng.annotations.Test.Parallel2 -->
