<?xml version="1.0" encoding="UTF-8"?>
<!-- Generated by org.testng.reporters.JUnitReportReporter -->
<testsuite hostname="Akshay" failures="0" tests="3" name="Demo.testng.annotations.Test.DemoDataProvider" time="0.018" errors="0" timestamp="2021-02-08T14:28:49 IST" skipped="0">
  <testcase classname="Demo.testng.annotations.Test.DemoDataProvider" name="tc" time="0.003"/>
  <system-out>
UserB B  </system-out>
  <testcase classname="Demo.testng.annotations.Test.DemoDataProvider" name="tc" time="0.004"/>
  <system-out>
UserC C  </system-out>
  <testcase classname="Demo.testng.annotations.Test.DemoDataProvider" name="tc" time="0.011"/>
  <system-out>
UserA A  </system-out>
</testsuite> <!-- Demo.testng.annotations.Test.DemoDataProvider -->
