<?xml version="1.0" encoding="UTF-8"?>
<!-- Generated by org.testng.reporters.JUnitReportReporter -->
<testsuite hostname="Akshay" failures="0" tests="2" name="Demo.testng.annotations.Test.DemoCross" time="101.967" errors="0" timestamp="2021-02-05T16:47:06 IST" skipped="0">
  <testcase classname="Demo.testng.annotations.Test.DemoCross" name="tc" time="70.060"/>
  <system-out/>
  <testcase classname="Demo.testng.annotations.Test.DemoCross" name="tc" time="31.907"/>
  <system-out/>
</testsuite> <!-- Demo.testng.annotations.Test.DemoCross -->
