<?xml version="1.0" encoding="UTF-8"?>
<!-- Generated by org.testng.reporters.JUnitReportReporter -->
<testsuite hostname="Akshay" failures="0" tests="2" name="Demo.testng.annotations.Test.Parallel1" time="89.756" errors="0" timestamp="2021-02-05T16:22:15 IST" skipped="0">
  <testcase classname="Demo.testng.annotations.Test.Parallel1" name="tc1_1" time="36.760"/>
  <system-out/>
  <testcase classname="Demo.testng.annotations.Test.Parallel1" name="tc1" time="52.996"/>
  <system-out/>
</testsuite> <!-- Demo.testng.annotations.Test.Parallel1 -->
