<?xml version="1.0" encoding="UTF-8"?>
<!-- Generated by org.testng.reporters.JUnitReportReporter -->
<testsuite hostname="Akshay" failures="0" tests="2" name="Demo.testng.annotations.Test.Demo1" time="0.016" errors="0" timestamp="2021-02-03T16:20:57 IST" skipped="0">
  <testcase classname="Demo.testng.annotations.Test.Demo1" name="tc_2" time="0.004"/>
  <system-out/>
  <testcase classname="Demo.testng.annotations.Test.Demo1" name="tc_1" time="0.012"/>
  <system-out/>
</testsuite> <!-- Demo.testng.annotations.Test.Demo1 -->
