<?xml version="1.0" encoding="UTF-8"?>
<!-- Generated by org.testng.reporters.JUnitReportReporter -->
<testsuite hostname="Akshay" failures="0" tests="2" name="Demo.testng.annotations.Test.Demo" time="54.349" errors="0" timestamp="2021-02-02T21:58:49 IST" skipped="0">
  <testcase classname="Demo.testng.annotations.Test.Demo" name="tc_2" time="29.541"/>
  <system-out/>
  <testcase classname="Demo.testng.annotations.Test.Demo" name="tc_1" time="24.808"/>
  <system-out/>
</testsuite> <!-- Demo.testng.annotations.Test.Demo -->
